2024-11-18 20:17:06,128 - INFO - Banco de dados criado/atualizado com sucesso
2024-11-18 20:19:09,417 - INFO - Banco de dados criado/atualizado com sucesso
2024-11-18 20:19:37,980 - INFO - Banco de dados criado/atualizado com sucesso
2024-11-18 20:20:08,752 - INFO - Banco de dados criado/atualizado com sucesso
2024-11-18 20:20:24,885 - INFO - Banco de dados criado/atualizado com sucesso
2024-11-18 20:59:57,449 - INFO - Banco de dados criado/atualizado com sucesso
2024-11-18 21:00:46,174 - INFO - Banco de dados criado/atualizado com sucesso
2024-11-18 21:02:52,364 - INFO - Banco de dados criado/atualizado com sucesso
2024-11-18 21:06:41,909 - INFO - Banco de dados criado/atualizado com sucesso
2024-11-18 21:13:17,275 - INFO - Banco de dados criado/atualizado com sucesso
2024-11-18 21:14:38,482 - INFO - Banco de dados criado/atualizado com sucesso
2024-11-18 21:23:19,023 - INFO - Banco de dados criado/atualizado com sucesso
2024-11-18 21:34:02,086 - INFO - Banco de dados criado/atualizado com sucesso
2024-11-18 21:34:33,961 - INFO - Banco de dados criado/atualizado com sucesso
2024-11-18 21:35:06,122 - INFO - Banco de dados criado/atualizado com sucesso
2024-11-18 21:35:40,737 - INFO - Banco de dados criado/atualizado com sucesso
2024-11-18 21:36:33,323 - INFO - Banco de dados criado/atualizado com sucesso
2024-11-18 21:38:31,052 - INFO - Banco de dados criado/atualizado com sucesso
2024-11-18 21:38:59,898 - INFO - Banco de dados criado/atualizado com sucesso
2024-11-18 21:39:40,728 - INFO - Banco de dados criado/atualizado com sucesso
2024-11-18 21:41:23,737 - INFO - Banco de dados criado/atualizado com sucesso
2024-11-18 21:42:21,169 - INFO - Banco de dados criado/atualizado com sucesso
2024-11-18 21:42:49,238 - INFO - Banco de dados criado/atualizado com sucesso
2024-11-18 21:43:17,837 - INFO - Banco de dados criado/atualizado com sucesso
2024-11-18 21:43:41,067 - INFO - Banco de dados criado/atualizado com sucesso
2024-11-18 21:44:03,189 - INFO - Banco de dados criado/atualizado com sucesso
2024-11-18 21:46:46,155 - INFO - Banco de dados criado/atualizado com sucesso
2024-11-18 21:47:41,433 - INFO - Banco de dados criado/atualizado com sucesso
2024-11-19 13:07:54,236 - INFO - Banco de dados criado/atualizado com sucesso
2024-11-19 13:30:50,263 - INFO - Banco de dados criado/atualizado com sucesso
2024-11-19 16:24:08,119 - INFO - Banco de dados criado/atualizado com sucesso
2024-11-19 17:40:37,384 - INFO - Banco de dados criado/atualizado com sucesso
2024-11-19 17:50:45,488 - INFO - Banco de dados criado/atualizado com sucesso
2024-11-20 17:03:00,752 - INFO - Banco de dados criado/atualizado com sucesso
2024-11-20 17:06:17,341 - INFO - Banco de dados criado/atualizado com sucesso
2024-11-20 17:08:09,542 - INFO - Banco de dados criado/atualizado com sucesso
2024-11-20 17:14:31,285 - INFO - Banco de dados criado/atualizado com sucesso
2024-11-20 17:15:17,441 - INFO - Banco de dados criado/atualizado com sucesso
2024-11-20 17:21:30,138 - INFO - Banco de dados criado/atualizado com sucesso
2024-11-20 17:24:01,546 - INFO - Banco de dados criado/atualizado com sucesso
2024-11-20 17:29:40,412 - INFO - Banco de dados criado/atualizado com sucesso
2024-11-20 17:30:31,443 - INFO - Banco de dados criado/atualizado com sucesso
2024-11-20 17:30:48,282 - INFO - Banco de dados criado/atualizado com sucesso
2024-11-20 17:39:12,764 - INFO - Banco de dados criado/atualizado com sucesso
2024-11-20 17:40:25,051 - INFO - Banco de dados criado/atualizado com sucesso
2024-11-24 20:40:54,272 - INFO - Banco de dados criado/atualizado com sucesso
2024-11-24 20:56:28,387 - INFO - Banco de dados criado/atualizado com sucesso
2024-11-24 21:08:21,629 - INFO - Banco de dados criado/atualizado com sucesso
2024-11-24 21:32:43,157 - INFO - Banco de dados criado/atualizado com sucesso
2024-11-24 21:36:56,356 - INFO - Banco de dados criado/atualizado com sucesso
2024-11-24 21:38:45,420 - INFO - Banco de dados criado/atualizado com sucesso
2024-11-24 22:00:53,345 - INFO - Banco de dados criado/atualizado com sucesso
2024-11-24 22:07:24,048 - INFO - Banco de dados criado/atualizado com sucesso
2024-11-24 22:09:21,085 - INFO - Banco de dados criado/atualizado com sucesso
2024-11-24 22:12:40,493 - INFO - Banco de dados criado/atualizado com sucesso
2024-11-25 13:00:30,431 - INFO - Banco de dados criado/atualizado com sucesso
2024-11-25 13:29:59,407 - INFO - Banco de dados criado/atualizado com sucesso
2024-11-25 13:56:42,487 - INFO - Banco de dados criado/atualizado com sucesso
2024-11-25 13:58:12,736 - INFO - Banco de dados criado/atualizado com sucesso
2024-11-25 14:07:14,266 - INFO - Banco de dados criado/atualizado com sucesso
2024-11-25 15:51:29,793 - INFO - Banco de dados criado/atualizado com sucesso
2024-11-25 15:56:09,042 - INFO - Banco de dados criado/atualizado com sucesso
2024-11-25 16:00:08,152 - INFO - Banco de dados criado/atualizado com sucesso
2024-11-25 16:11:42,142 - INFO - Banco de dados criado/atualizado com sucesso
2024-11-25 16:14:32,669 - INFO - Banco de dados criado/atualizado com sucesso
2024-11-25 16:19:23,441 - INFO - Banco de dados criado/atualizado com sucesso
2024-11-25 16:22:34,933 - INFO - Banco de dados criado/atualizado com sucesso
2024-11-25 16:23:44,579 - INFO - Banco de dados criado/atualizado com sucesso
2024-11-25 16:34:16,851 - INFO - Banco de dados criado/atualizado com sucesso
2024-11-25 16:36:54,105 - INFO - Banco de dados criado/atualizado com sucesso
2024-11-25 17:24:31,988 - INFO - Banco de dados criado/atualizado com sucesso
2024-11-25 17:27:23,063 - INFO - Banco de dados criado/atualizado com sucesso
2024-11-25 18:08:32,550 - INFO - Banco de dados criado/atualizado com sucesso
2024-11-25 18:14:16,809 - INFO - Banco de dados criado/atualizado com sucesso
2024-11-29 19:03:06,271 - INFO - Banco de dados criado/atualizado com sucesso
2024-11-29 19:03:06,366 - INFO - Banco de dados criado/atualizado com sucesso
2024-11-29 19:04:02,981 - INFO - Banco de dados criado/atualizado com sucesso
2024-11-29 19:04:03,074 - INFO - Banco de dados criado/atualizado com sucesso
2024-11-29 19:04:52,492 - INFO - Banco de dados criado/atualizado com sucesso
2024-11-29 19:04:52,587 - INFO - Banco de dados criado/atualizado com sucesso
2024-11-29 19:07:48,950 - INFO - Banco de dados criado/atualizado com sucesso
2024-11-29 19:07:49,044 - INFO - Banco de dados criado/atualizado com sucesso
2024-11-29 19:10:21,345 - INFO - Banco de dados criado/atualizado com sucesso
2024-11-29 19:10:21,442 - INFO - Banco de dados criado/atualizado com sucesso
2024-11-29 19:19:53,016 - INFO - Banco de dados criado/atualizado com sucesso
2024-11-29 19:19:53,104 - INFO - Banco de dados criado/atualizado com sucesso
2024-11-29 19:22:19,639 - INFO - Banco de dados criado/atualizado com sucesso
2024-11-29 19:22:19,729 - INFO - Banco de dados criado/atualizado com sucesso
2024-11-29 19:35:29,011 - INFO - Banco de dados criado/atualizado com sucesso
2024-11-29 19:35:29,103 - INFO - Banco de dados criado/atualizado com sucesso
2024-11-29 19:35:51,411 - INFO - Nova marcação criada para RENACH: 22222
2024-11-29 19:35:52,332 - INFO - Campos do formulário limpos
2024-11-29 21:08:03,010 - INFO - Banco de dados criado/atualizado com sucesso
2024-11-29 21:08:03,011 - INFO - Marcação expirada atualizada para RENACH 22222: 2024-11-28
2024-11-29 21:08:03,211 - INFO - Banco de dados criado/atualizado com sucesso
2024-11-29 21:12:04,378 - INFO - Status atualizado para RENACH 2222: missed
2024-11-29 21:12:06,656 - INFO - Status atualizado para RENACH 2222: pending
2024-11-29 21:14:37,503 - INFO - Marcação atualizada para RENACH: 22222
2024-11-29 21:14:38,520 - INFO - Campos do formulário limpos
2024-12-02 14:50:04,361 - INFO - Banco de dados criado/atualizado com sucesso
2024-12-02 14:50:04,361 - INFO - Marcação expirada atualizada para RENACH 2222: 2024-11-29
2024-12-02 14:52:39,240 - INFO - Banco de dados criado/atualizado com sucesso
2024-12-02 14:54:23,054 - INFO - Banco de dados criado/atualizado com sucesso
2024-12-02 14:59:57,314 - INFO - Banco de dados criado/atualizado com sucesso
2024-12-02 15:02:08,607 - INFO - Banco de dados criado/atualizado com sucesso
2024-12-02 15:03:09,906 - INFO - Banco de dados criado/atualizado com sucesso
2024-12-02 15:04:24,127 - INFO - Banco de dados criado/atualizado com sucesso
2024-12-02 15:08:21,652 - INFO - Banco de dados criado/atualizado com sucesso
2024-12-02 15:09:46,702 - INFO - Banco de dados criado/atualizado com sucesso
2024-12-02 15:11:47,689 - INFO - Banco de dados criado/atualizado com sucesso
2024-12-02 15:15:52,438 - INFO - Banco de dados criado/atualizado com sucesso
2024-12-02 15:23:01,517 - INFO - Banco de dados criado/atualizado com sucesso
2024-12-02 15:26:27,843 - INFO - Banco de dados criado/atualizado com sucesso
2024-12-02 15:27:55,686 - INFO - Banco de dados criado/atualizado com sucesso
2024-12-02 15:29:14,158 - INFO - Banco de dados criado/atualizado com sucesso
2024-12-02 15:32:13,572 - INFO - Banco de dados criado/atualizado com sucesso
2024-12-02 15:33:46,949 - INFO - Banco de dados criado/atualizado com sucesso
2024-12-03 21:01:46,959 - INFO - Banco de dados criado/atualizado com sucesso
2024-12-03 21:25:11,970 - INFO - Banco de dados criado/atualizado com sucesso
2024-12-03 21:46:49,321 - INFO - Banco de dados criado/atualizado com sucesso
2024-12-03 21:46:57,270 - INFO - Banco de dados criado/atualizado com sucesso
2024-12-03 21:48:00,951 - INFO - Banco de dados criado/atualizado com sucesso
2024-12-03 21:51:21,083 - INFO - Banco de dados criado/atualizado com sucesso
2024-12-03 21:53:41,600 - INFO - Banco de dados criado/atualizado com sucesso
2024-12-03 22:15:01,282 - INFO - Banco de dados criado/atualizado com sucesso
2024-12-04 14:01:10,104 - INFO - Banco de dados criado/atualizado com sucesso
2024-12-04 14:02:23,449 - INFO - Banco de dados criado/atualizado com sucesso
2024-12-04 14:18:35,375 - INFO - Banco de dados criado/atualizado com sucesso
2024-12-04 14:25:14,445 - INFO - Banco de dados criado/atualizado com sucesso
2024-12-04 14:26:36,813 - INFO - Banco de dados criado/atualizado com sucesso
2024-12-04 14:27:45,651 - INFO - Banco de dados criado/atualizado com sucesso
2024-12-04 14:30:19,966 - INFO - Banco de dados criado/atualizado com sucesso
2024-12-04 14:46:13,902 - INFO - Banco de dados criado/atualizado com sucesso
2024-12-04 14:49:31,590 - INFO - Banco de dados criado/atualizado com sucesso
2024-12-04 14:52:42,572 - INFO - Banco de dados criado/atualizado com sucesso
2024-12-04 15:08:17,167 - INFO - Banco de dados criado/atualizado com sucesso
2024-12-04 15:09:17,209 - INFO - Banco de dados criado/atualizado com sucesso
2024-12-04 15:11:14,301 - INFO - Banco de dados criado/atualizado com sucesso
2024-12-04 15:11:29,409 - INFO - Banco de dados criado/atualizado com sucesso
2024-12-04 15:11:39,235 - ERROR - Erro ao salvar informações: Style header_style exists already
2024-12-04 15:13:30,650 - INFO - Banco de dados criado/atualizado com sucesso
2024-12-04 15:13:42,018 - ERROR - Erro ao salvar informações: list indices must be integers or slices, not str
2024-12-04 15:15:00,930 - INFO - Banco de dados criado/atualizado com sucesso
2024-12-04 15:23:11,436 - INFO - Banco de dados criado/atualizado com sucesso
2024-12-04 15:23:20,006 - ERROR - Erro ao salvar informações: Style header_style exists already
2024-12-04 15:24:58,056 - INFO - Banco de dados criado/atualizado com sucesso
2024-12-04 15:25:02,240 - ERROR - Erro ao salvar informações: list indices must be integers or slices, not str
2024-12-04 15:26:02,038 - INFO - Banco de dados criado/atualizado com sucesso
2024-12-04 15:26:09,561 - ERROR - Erro ao salvar informações: 'str' object has no attribute 'name'
2024-12-04 15:28:12,120 - INFO - Banco de dados criado/atualizado com sucesso
2024-12-04 15:28:16,674 - ERROR - Erro ao salvar informações: list indices must be integers or slices, not str
2024-12-04 15:29:44,254 - INFO - Banco de dados criado/atualizado com sucesso
2024-12-04 15:29:50,312 - ERROR - Erro ao salvar informações: list indices must be integers or slices, not str
2024-12-04 15:36:53,161 - INFO - Banco de dados criado/atualizado com sucesso
2024-12-04 15:36:53,380 - INFO - Banco de dados inicializado com sucesso
2024-12-04 15:37:00,806 - ERROR - Erro ao salvar informações: list indices must be integers or slices, not str
2024-12-04 17:52:30,879 - INFO - Banco de dados criado/atualizado com sucesso
2024-12-04 17:52:30,949 - INFO - Banco de dados inicializado com sucesso
2024-12-04 17:52:37,806 - ERROR - Erro ao buscar dados: no such column: categoria
2024-12-04 17:52:42,510 - ERROR - Erro ao buscar dados: no such column: categoria
2024-12-04 17:54:25,766 - INFO - Banco de dados criado/atualizado com sucesso
2024-12-04 17:54:25,829 - INFO - Banco de dados inicializado com sucesso
2024-12-04 17:58:21,579 - INFO - Banco de dados criado/atualizado com sucesso
2024-12-04 17:58:21,646 - INFO - Banco de dados inicializado com sucesso
2024-12-04 18:05:24,827 - INFO - Banco de dados criado/atualizado com sucesso
2024-12-04 18:05:24,894 - INFO - Banco de dados inicializado com sucesso
2024-12-04 18:14:54,515 - INFO - Banco de dados criado/atualizado com sucesso
2024-12-04 18:14:54,579 - INFO - Banco de dados inicializado com sucesso
2024-12-06 15:45:06,119 - INFO - Banco de dados criado/atualizado com sucesso
2024-12-06 15:45:06,183 - INFO - Banco de dados inicializado com sucesso
2024-12-06 18:21:46,945 - INFO - Banco de dados criado/atualizado com sucesso
2024-12-06 18:21:47,015 - INFO - Banco de dados inicializado com sucesso
2024-12-06 18:26:12,767 - INFO - Banco de dados criado/atualizado com sucesso
2024-12-06 18:26:12,832 - INFO - Banco de dados inicializado com sucesso
2024-12-06 18:27:18,077 - INFO - Banco de dados criado/atualizado com sucesso
2024-12-06 18:27:18,140 - INFO - Banco de dados inicializado com sucesso
2024-12-06 18:45:41,027 - INFO - Banco de dados criado/atualizado com sucesso
2024-12-06 18:45:41,095 - INFO - Banco de dados inicializado com sucesso
2024-12-06 18:50:24,171 - INFO - Banco de dados criado/atualizado com sucesso
2024-12-06 18:50:24,234 - INFO - Banco de dados inicializado com sucesso
2024-12-06 18:51:21,295 - INFO - Banco de dados criado/atualizado com sucesso
2024-12-06 18:51:21,368 - INFO - Banco de dados inicializado com sucesso
2024-12-06 19:40:41,672 - INFO - Banco de dados criado/atualizado com sucesso
2024-12-06 19:40:41,733 - INFO - Banco de dados inicializado com sucesso
2024-12-06 19:45:29,473 - INFO - Banco de dados criado/atualizado com sucesso
2024-12-06 19:45:29,536 - INFO - Banco de dados inicializado com sucesso
2024-12-06 19:46:24,721 - INFO - Banco de dados criado/atualizado com sucesso
2024-12-06 19:46:24,784 - INFO - Banco de dados inicializado com sucesso
2024-12-06 19:50:02,125 - INFO - Banco de dados criado/atualizado com sucesso
2024-12-06 19:50:02,188 - INFO - Banco de dados inicializado com sucesso
2024-12-06 19:59:50,108 - INFO - Banco de dados criado/atualizado com sucesso
2024-12-06 19:59:50,194 - INFO - Banco de dados inicializado com sucesso
2024-12-06 20:02:26,570 - INFO - Banco de dados criado/atualizado com sucesso
2024-12-06 20:02:26,723 - INFO - Banco de dados inicializado com sucesso
2024-12-06 20:41:18,024 - INFO - Banco de dados criado/atualizado com sucesso
2024-12-06 20:41:18,150 - INFO - Banco de dados inicializado com sucesso
2024-12-06 20:54:58,612 - INFO - Banco de dados criado/atualizado com sucesso
2024-12-06 20:54:58,795 - INFO - Banco de dados inicializado com sucesso
2024-12-06 20:57:04,714 - INFO - Banco de dados criado/atualizado com sucesso
2024-12-06 20:57:04,852 - INFO - Banco de dados inicializado com sucesso
2024-12-06 20:57:57,667 - INFO - Banco de dados criado/atualizado com sucesso
2024-12-06 20:57:57,809 - INFO - Banco de dados inicializado com sucesso
2024-12-06 21:00:17,938 - INFO - Banco de dados criado/atualizado com sucesso
2024-12-06 21:00:18,126 - INFO - Banco de dados inicializado com sucesso
2024-12-06 21:07:08,338 - INFO - Banco de dados criado/atualizado com sucesso
2024-12-06 21:07:08,466 - INFO - Banco de dados inicializado com sucesso
2024-12-06 22:06:16,211 - INFO - Banco de dados criado/atualizado com sucesso
2024-12-06 22:06:16,354 - INFO - Banco de dados inicializado com sucesso
2024-12-11 14:00:12,302 - INFO - Banco de dados criado/atualizado com sucesso
2024-12-11 14:00:12,462 - INFO - Banco de dados inicializado com sucesso
2024-12-11 14:02:46,189 - INFO - Banco de dados criado/atualizado com sucesso
2024-12-11 14:02:46,331 - INFO - Banco de dados inicializado com sucesso
2024-12-11 14:27:42,482 - INFO - Banco de dados criado/atualizado com sucesso
2024-12-11 14:27:42,644 - INFO - Banco de dados inicializado com sucesso
